<?xml version="1.0" encoding="UTF-8"?>
<!-- Generated by org.testng.reporters.JUnitReportReporter -->
<testsuite hostname="Aravinds-MBP.T-mobile.com" name="com.LimbicArc.testCases.SeleniumPOCTest" tests="1" failures="0" timestamp="24 Jan 2020 03:55:28 GMT" time="246.567" errors="0">
  <testcase name="logintest" time="246.567" classname="com.LimbicArc.testCases.SeleniumPOCTest"/>
</testsuite> <!-- com.LimbicArc.testCases.SeleniumPOCTest -->
