<?xml version="1.0" encoding="UTF-8"?>
<!-- Generated by org.testng.reporters.JUnitReportReporter -->
<testsuite hostname="Aravinds-MBP.T-mobile.com" name="com.LimbicArc.testCases.SeleniumPOCTest" tests="1" failures="0" timestamp="24 Jan 2020 17:59:40 GMT" time="419.554" errors="0">
  <testcase name="logintest" time="419.554" classname="com.LimbicArc.testCases.SeleniumPOCTest"/>
</testsuite> <!-- com.LimbicArc.testCases.SeleniumPOCTest -->
